<?xml version="1.0" encoding="UTF-8"?>
<!-- Generated by org.testng.reporters.JUnitReportReporter -->
<testsuite hostname="BDC11-L-2K9TTP2" failures="0" tests="1" name="Scripts.sortHighToLow" time="13.387" errors="0" timestamp="2022-12-01T08:47:25 IST" skipped="0">
  <testcase classname="Scripts.sortHighToLow" name="sortPrice" time="13.387"/>
  <system-out>
    <![CDATA[0]]>
  </system-out>
</testsuite> <!-- Scripts.sortHighToLow -->
