<?xml version="1.0" encoding="UTF-8"?>
<!-- Generated by org.testng.reporters.JUnitReportReporter -->
<testsuite hostname="BDC11-L-2K9TTP2" failures="0" tests="1" name="Scripts.validatePrice" time="16.476" errors="0" timestamp="2022-12-01T08:49:10 IST" skipped="0">
  <testcase classname="Scripts.validatePrice" name="Pricebetween100And200" time="16.476"/>
  <system-out>
    <![CDATA[6
100
139
143
179
119
159
All products have price within limits]]>
  </system-out>
</testsuite> <!-- Scripts.validatePrice -->
