<?xml version="1.0" encoding="UTF-8"?>
<!-- Generated by org.testng.reporters.JUnitReportReporter -->
<testsuite hostname="BDC11-L-2K9TTP2" failures="0" tests="1" name="Scripts.validatePriceforIphoneBelkin" time="26.308" errors="0" timestamp="2022-11-30T21:43:28 IST" skipped="0">
  <testcase classname="Scripts.validatePriceforIphoneBelkin" name="validlogin" time="26.308"/>
  <system-out/>
</testsuite> <!-- Scripts.validatePriceforIphoneBelkin -->
