<?xml version="1.0" encoding="UTF-8"?>
<!-- Generated by org.testng.reporters.JUnitReportReporter -->
<testsuite hostname="BDC11-L-2K9TTP2" failures="0" tests="3" name="Scripts.Stays" time="27.476" errors="0" timestamp="2022-09-25T18:57:17 IST" skipped="0">
  <testcase classname="Scripts.Stays" name="TC01_StayinJammu" time="11.288"/>
  <system-out/>
  <testcase classname="Scripts.Stays" name="TC03_villasPage" time="10.175"/>
  <system-out/>
  <testcase classname="Scripts.Stays" name="TC02_DestFieldEmpty" time="6.013"/>
  <system-out/>
</testsuite> <!-- Scripts.Stays -->
