<?xml version="1.0" encoding="UTF-8"?>
<!-- Generated by org.testng.reporters.JUnitReportReporter -->
<testsuite hostname="BDC11-L-2K9TTP2" failures="0" tests="1" name="Scripts.France_Spain_onewayFlight" time="25.086" errors="0" timestamp="2022-09-25T09:22:11 IST" skipped="0">
  <testcase classname="Scripts.France_Spain_onewayFlight" name="TC01" time="25.086"/>
  <system-out/>
</testsuite> <!-- Scripts.France_Spain_onewayFlight -->
