<?xml version="1.0" encoding="UTF-8"?>
<!-- Generated by org.testng.reporters.JUnitReportReporter -->
<testsuite hostname="BDC11-L-2K9TTP2" failures="0" tests="1" name="Scripts.StayInJammu" time="12.538" errors="0" timestamp="2022-09-25T09:22:11 IST" skipped="0">
  <testcase classname="Scripts.StayInJammu" name="StayTC01" time="12.538"/>
  <system-out/>
</testsuite> <!-- Scripts.StayInJammu -->
