<?xml version="1.0" encoding="UTF-8"?>
<!-- Generated by org.testng.reporters.JUnitReportReporter -->
<testsuite hostname="BDC11-L-2K9TTP2" failures="0" tests="1" name="Scripts.addItemToCart" time="68.625" errors="0" timestamp="2022-12-01T08:47:26 IST" skipped="0">
  <testcase classname="Scripts.addItemToCart" name="addItemToCartVerifySignIn" time="68.625"/>
  <system-out>
    <![CDATA[Sign In Page is displayed]]>
  </system-out>
</testsuite> <!-- Scripts.addItemToCart -->
